Microsoft (R) Macro Assembler Version 14.26.28806.0	    11/16/20 21:08:27
LP_Lab17.asm						     Page 1 - 1


				.586
				.model flat, stdcall
				includelib kernel32.lib
				ExitProcess PROTO : DWORD
				.stack 4096
 00000000			.data
 00000000 00000004		nums        dd   4, 56, 13, -34, 0, 45, 6, 658, 196, 24
	   00000038
	   0000000D
	   FFFFFFDE
	   00000000
	   0000002D
	   00000006
	   00000292
	   000000C4
	   00000018
 00000028 00000000		min         dd   ?
 00000000			.code
 00000000  E8 00000000		call getmin
 00000005			getmin proc arr:dword, len:dword
 00000008  8B 75 08			mov esi, arr
 0000000B  8B 06			mov eax, DWORD PTR[esi]
 0000000D  33 FF			xor edi, edi
 0000000F  EB 00			jmp getminloop
 00000011			getminloop:
 00000011  47				inc edi
 00000012  3B 7D 0C			cmp edi, len
 00000015  73 0D			jae getminend
 00000017  8B 1C BE			mov ebx, DWORD PTR[esi + edi * type arr]
 0000001A  3B D8			cmp ebx, eax
 0000001C  7C 02			jl assignmin
 0000001E  E2 F1			loop getminloop
 00000020			assignmin:
 00000020  8B C3			mov eax, ebx
 00000022  EB ED			jmp getminloop
 00000024			getminend:
					ret
 00000028			getmin endp

 00000028			main PROC
				invoke getmin, offset nums, lengthof nums
 00000034  A3 00000028 R	mov min, eax
 00000039  6A 00		push 0
 0000003B  E8 00000000 E	call ExitProcess
 00000040			main ENDP
				end main
				end
Microsoft (R) Macro Assembler Version 14.26.28806.0	    11/16/20 21:08:27
LP_Lab17.asm						     Symbols 2 - 1




Segments and Groups:

                N a m e                 Size     Length   Align   Combine Class

FLAT . . . . . . . . . . . . . .	GROUP
STACK  . . . . . . . . . . . . .	32 Bit	 00001000 Para	  Stack	  'STACK'	 
_DATA  . . . . . . . . . . . . .	32 Bit	 0000002C Para	  Public  'DATA'	
_TEXT  . . . . . . . . . . . . .	32 Bit	 00000040 Para	  Public  'CODE'	


Procedures, parameters, and locals:

                N a m e                 Type     Value    Attr

ExitProcess  . . . . . . . . . .	P Near	 00000000 FLAT	Length= 00000000 External STDCALL
getmin . . . . . . . . . . . . .	P Near	 00000005 _TEXT	Length= 00000023 Public STDCALL
  arr  . . . . . . . . . . . . .	DWord	 bp + 00000008
  len  . . . . . . . . . . . . .	DWord	 bp + 0000000C
  getminloop . . . . . . . . . .	L Near	 00000011 _TEXT	
  assignmin  . . . . . . . . . .	L Near	 00000020 _TEXT	
  getminend  . . . . . . . . . .	L Near	 00000024 _TEXT	
main . . . . . . . . . . . . . .	P Near	 00000028 _TEXT	Length= 00000018 Public STDCALL


Symbols:

                N a m e                 Type     Value    Attr

@CodeSize  . . . . . . . . . . .	Number	 00000000h   
@DataSize  . . . . . . . . . . .	Number	 00000000h   
@Interface . . . . . . . . . . .	Number	 00000003h   
@Model . . . . . . . . . . . . .	Number	 00000007h   
@code  . . . . . . . . . . . . .	Text   	 _TEXT
@data  . . . . . . . . . . . . .	Text   	 FLAT
@fardata?  . . . . . . . . . . .	Text   	 FLAT
@fardata . . . . . . . . . . . .	Text   	 FLAT
@stack . . . . . . . . . . . . .	Text   	 FLAT
min  . . . . . . . . . . . . . .	DWord	 00000028 _DATA	
nums . . . . . . . . . . . . . .	DWord	 00000000 _DATA	

	   0 Warnings
	   0 Errors
